<?xml version="1.0" encoding="UTF-8"?>
<!-- Generated by org.testng.reporters.JUnitReportReporter -->
<testsuite hostname="EDNAWS_136" name="com.smriti.firsttest.FirstTestCases" tests="1" failures="0" timestamp="24 Jun 2014 03:21:34 GMT" time="92.929" errors="0">
  <testcase name="testCases" time="92.929" classname="com.smriti.firsttest.FirstTestCases"/>
</testsuite> <!-- com.smriti.firsttest.FirstTestCases -->
